<?xml version="1.0" encoding="UTF-8"?>
<!-- Generated by org.testng.reporters.JUnitReportReporter -->
<testsuite hostname="Ranjeet-MacBook-Pro.local" failures="0" tests="1" name="Com.Banking.TestCases.TC_Banking_LoginTestCase" time="25.270" errors="0" timestamp="2022-12-22T21:33:09 IST" skipped="0">
  <testcase classname="Com.Banking.TestCases.TC_Banking_LoginTestCase" name="LoginTest" time="25.270"/>
  <system-out/>
</testsuite> <!-- Com.Banking.TestCases.TC_Banking_LoginTestCase -->
