<?xml version="1.0" encoding="UTF-8"?>
<!-- Generated by org.testng.reporters.JUnitReportReporter -->
<testsuite hostname="Ranjeet-MacBook-Pro.local" failures="0" tests="1" name="Com.Banking.TestCases.TC_LoginTestCase" time="22.619" errors="0" timestamp="2022-12-25T09:52:51 IST" skipped="0">
  <testcase classname="Com.Banking.TestCases.TC_LoginTestCase" name="LoginTest" time="22.619"/>
  <system-out/>
</testsuite> <!-- Com.Banking.TestCases.TC_LoginTestCase -->
