<?xml version="1.0" encoding="UTF-8"?>
<!-- Generated by org.testng.reporters.JUnitReportReporter -->
<testsuite hostname="Ranjeet-MacBook-Pro.local" failures="0" tests="5" name="Com.Banking.TestCases.TC_LoginDataTesCase" time="159.322" errors="0" timestamp="2022-12-25T09:52:51 IST" skipped="0">
  <testcase classname="Com.Banking.TestCases.TC_LoginDataTesCase" name="LoginData" time="27.298"/>
  <system-out/>
  <testcase classname="Com.Banking.TestCases.TC_LoginDataTesCase" name="LoginData" time="30.646"/>
  <system-out/>
  <testcase classname="Com.Banking.TestCases.TC_LoginDataTesCase" name="LoginData" time="28.156"/>
  <system-out/>
  <testcase classname="Com.Banking.TestCases.TC_LoginDataTesCase" name="LoginData" time="28.800"/>
  <system-out/>
  <testcase classname="Com.Banking.TestCases.TC_LoginDataTesCase" name="LoginData" time="44.422"/>
  <system-out/>
</testsuite> <!-- Com.Banking.TestCases.TC_LoginDataTesCase -->
