<?xml version="1.0" encoding="UTF-8"?>
<!-- Generated by org.testng.reporters.JUnitReportReporter -->
<testsuite hostname="Ranjeet-MacBook-Pro.local" failures="0" tests="1" name="Com.Banking.TestCases.TC_New_Account_Creation" time="35.840" errors="0" timestamp="2022-12-25T09:52:51 IST" skipped="0">
  <testcase classname="Com.Banking.TestCases.TC_New_Account_Creation" name="AddNewAccount" time="35.840"/>
  <system-out/>
</testsuite> <!-- Com.Banking.TestCases.TC_New_Account_Creation -->
